2021-04-13 16:18:54.216 [main] INFO  stepDefinition.StepDefinition                     : --------------------------------------------------------------------------------------------------------
2021-04-13 16:18:54.218 [main] INFO  stepDefinition.StepDefinition                     :  Execution Started :::: Verify that Create Gist API works in various conditions
2021-04-13 16:18:54.218 [main] INFO  stepDefinition.StepDefinition                     : --------------------------------------------------------------------------------------------------------
2021-04-13 16:18:54.227 [main] INFO  stepDefinition.StepDefinition                     : Setting base path as [/gists]
2021-04-13 16:18:54.229 [main] INFO  stepDefinition.StepDefinition                     : Setting Header as [Accept:application/vnd.github.v3+json]
2021-04-13 16:18:54.231 [main] INFO  stepDefinition.StepDefinition                     : Adding description to payload for creating gist as [Test files]
2021-04-13 16:18:54.249 [main] INFO  stepDefinition.StepDefinition                     : Making Gist as [private]
2021-04-13 16:18:54.249 [main] INFO  stepDefinition.StepDefinition                     : Created payload body :: [{public=false, description=Test files, files={Test_File_5={content=abc5}, Test_File_4={content=abc4}, Test_File_3={content=abc3}, Test_File_2={content=abc2}, Test_File_1={content=abc1}}}]
2021-04-13 16:18:56.140 [main] INFO  stepDefinition.StepDefinition                     : Headers :: [Server=GitHub.com
Date=Tue, 13 Apr 2021 10:48:55 GMT
Content-Type=application/json; charset=utf-8
Content-Length=4386
Cache-Control=private, max-age=60, s-maxage=60
Vary=Accept, Authorization, Cookie, X-GitHub-OTP
ETag="af195b87fba1adc328cdc52f6e3e806e878eb1d965fd4a53bd406245f96a1835"
X-OAuth-Scopes=admin:enterprise, admin:gpg_key, admin:org, admin:org_hook, admin:public_key, admin:repo_hook, delete:packages, delete_repo, gist, notifications, repo, user, workflow, write:discussion, write:packages
X-Accepted-OAuth-Scopes=
Location=https://api.github.com/gists/4df87251971ffab1641c36bae8799200
X-GitHub-Media-Type=github.v3; format=json
X-RateLimit-Limit=5000
X-RateLimit-Remaining=4998
X-RateLimit-Reset=1618314376
X-RateLimit-Used=2
Access-Control-Expose-Headers=ETag, Link, Location, Retry-After, X-GitHub-OTP, X-RateLimit-Limit, X-RateLimit-Remaining, X-RateLimit-Used, X-RateLimit-Reset, X-OAuth-Scopes, X-Accepted-OAuth-Scopes, X-Poll-Interval, X-GitHub-Media-Type, Deprecation, Sunset
Access-Control-Allow-Origin=*
Strict-Transport-Security=max-age=31536000; includeSubdomains; preload
X-Frame-Options=deny
X-Content-Type-Options=nosniff
X-XSS-Protection=0
Referrer-Policy=origin-when-cross-origin, strict-origin-when-cross-origin
Content-Security-Policy=default-src 'none'
Vary=Accept-Encoding, Accept, X-Requested-With
X-GitHub-Request-Id=D90E:0FB5:1533AE:189AC2:60757716]
2021-04-13 16:18:56.144 [main] INFO  stepDefinition.StepDefinition                     : Cookies :: [{}]
2021-04-13 16:18:56.145 [main] INFO  stepDefinition.StepDefinition                     : Status Code :: [201]
2021-04-13 16:18:56.145 [main] INFO  stepDefinition.StepDefinition                     : Status Line :: [HTTP/1.1 201 Created]
2021-04-13 16:18:56.145 [main] INFO  stepDefinition.StepDefinition                     : Session ID :: [null]
2021-04-13 16:18:56.147 [main] INFO  stepDefinition.StepDefinition                     : Response Time :: [1420] milliseconds
2021-04-13 16:18:56.152 [main] INFO  stepDefinition.StepDefinition                     : Response :: {"url":"https://api.github.com/gists/4df87251971ffab1641c36bae8799200","forks_url":"https://api.github.com/gists/4df87251971ffab1641c36bae8799200/forks","commits_url":"https://api.github.com/gists/4df87251971ffab1641c36bae8799200/commits","id":"4df87251971ffab1641c36bae8799200","node_id":"MDQ6R2lzdDRkZjg3MjUxOTcxZmZhYjE2NDFjMzZiYWU4Nzk5MjAw","git_pull_url":"https://gist.github.com/4df87251971ffab1641c36bae8799200.git","git_push_url":"https://gist.github.com/4df87251971ffab1641c36bae8799200.git","html_url":"https://gist.github.com/4df87251971ffab1641c36bae8799200","files":{"Test_File_1":{"filename":"Test_File_1","type":"text/plain","language":null,"raw_url":"https://gist.githubusercontent.com/aakashdahake/4df87251971ffab1641c36bae8799200/raw/da24a330e87e783b7555347629bff6f02e39e627/Test_File_1","size":4,"truncated":false,"content":"abc1"},"Test_File_2":{"filename":"Test_File_2","type":"text/plain","language":null,"raw_url":"https://gist.githubusercontent.com/aakashdahake/4df87251971ffab1641c36bae8799200/raw/796740f0cf22f279eb8287e49cd62c786333e668/Test_File_2","size":4,"truncated":false,"content":"abc2"},"Test_File_3":{"filename":"Test_File_3","type":"text/plain","language":null,"raw_url":"https://gist.githubusercontent.com/aakashdahake/4df87251971ffab1641c36bae8799200/raw/15a53ca85f616360bd89df600614c4f4b0fc2320/Test_File_3","size":4,"truncated":false,"content":"abc3"},"Test_File_4":{"filename":"Test_File_4","type":"text/plain","language":null,"raw_url":"https://gist.githubusercontent.com/aakashdahake/4df87251971ffab1641c36bae8799200/raw/083b62cddcc87ddcec54f37e5fdf9c4fb4455f93/Test_File_4","size":4,"truncated":false,"content":"abc4"},"Test_File_5":{"filename":"Test_File_5","type":"text/plain","language":null,"raw_url":"https://gist.githubusercontent.com/aakashdahake/4df87251971ffab1641c36bae8799200/raw/c7ac77699bad511f976aac1400b25af8da6f49d8/Test_File_5","size":4,"truncated":false,"content":"abc5"}},"public":false,"created_at":"2021-04-13T10:48:54Z","updated_at":"2021-04-13T10:48:54Z","description":"Test files","comments":0,"user":null,"comments_url":"https://api.github.com/gists/4df87251971ffab1641c36bae8799200/comments","owner":{"login":"aakashdahake","id":4017225,"node_id":"MDQ6VXNlcjQwMTcyMjU=","avatar_url":"https://avatars.githubusercontent.com/u/4017225?v=4","gravatar_id":"","url":"https://api.github.com/users/aakashdahake","html_url":"https://github.com/aakashdahake","followers_url":"https://api.github.com/users/aakashdahake/followers","following_url":"https://api.github.com/users/aakashdahake/following{/other_user}","gists_url":"https://api.github.com/users/aakashdahake/gists{/gist_id}","starred_url":"https://api.github.com/users/aakashdahake/starred{/owner}{/repo}","subscriptions_url":"https://api.github.com/users/aakashdahake/subscriptions","organizations_url":"https://api.github.com/users/aakashdahake/orgs","repos_url":"https://api.github.com/users/aakashdahake/repos","events_url":"https://api.github.com/users/aakashdahake/events{/privacy}","received_events_url":"https://api.github.com/users/aakashdahake/received_events","type":"User","site_admin":false},"forks":[],"history":[{"user":{"login":"aakashdahake","id":4017225,"node_id":"MDQ6VXNlcjQwMTcyMjU=","avatar_url":"https://avatars.githubusercontent.com/u/4017225?v=4","gravatar_id":"","url":"https://api.github.com/users/aakashdahake","html_url":"https://github.com/aakashdahake","followers_url":"https://api.github.com/users/aakashdahake/followers","following_url":"https://api.github.com/users/aakashdahake/following{/other_user}","gists_url":"https://api.github.com/users/aakashdahake/gists{/gist_id}","starred_url":"https://api.github.com/users/aakashdahake/starred{/owner}{/repo}","subscriptions_url":"https://api.github.com/users/aakashdahake/subscriptions","organizations_url":"https://api.github.com/users/aakashdahake/orgs","repos_url":"https://api.github.com/users/aakashdahake/repos","events_url":"https://api.github.com/users/aakashdahake/events{/privacy}","received_events_url":"https://api.github.com/users/aakashdahake/received_events","type":"User","site_admin":false},"version":"d97ca268126cc93b7f1a2f08769c4f36bffe0796","committed_at":"2021-04-13T10:48:54Z","change_status":{"total":5,"additions":5,"deletions":0},"url":"https://api.github.com/gists/4df87251971ffab1641c36bae8799200/d97ca268126cc93b7f1a2f08769c4f36bffe0796"}],"truncated":false}
2021-04-13 16:18:56.155 [main] INFO  stepDefinition.StepDefinition                     : Successfully verified status code as [201]
2021-04-13 16:18:56.655 [main] INFO  stepDefinition.StepDefinition                     : Successfully validated JSON schema
2021-04-13 16:18:57.137 [main] INFO  stepDefinition.StepDefinition                     : Found created gist as public [false]
2021-04-13 16:18:57.151 [main] INFO  stepDefinition.StepDefinition                     : Validating response body for filename and their content
2021-04-13 16:18:57.828 [main] INFO  stepDefinition.StepDefinition                     : --------------------------------------------------------------------------------------------------------
2021-04-13 16:18:57.828 [main] INFO  stepDefinition.StepDefinition                     :  Execution Started :::: Verify that Create Gist API works in various conditions
2021-04-13 16:18:57.829 [main] INFO  stepDefinition.StepDefinition                     : --------------------------------------------------------------------------------------------------------
2021-04-13 16:18:57.829 [main] INFO  stepDefinition.StepDefinition                     : Setting base path as [/gists]
2021-04-13 16:18:57.830 [main] INFO  stepDefinition.StepDefinition                     : Setting Header as [Accept:application/json]
2021-04-13 16:18:57.830 [main] INFO  stepDefinition.StepDefinition                     : Adding description to payload for creating gist as [Test data]
2021-04-13 16:18:57.831 [main] INFO  stepDefinition.StepDefinition                     : Making Gist as [public]
2021-04-13 16:18:57.832 [main] INFO  stepDefinition.StepDefinition                     : Created payload body :: [{public=true, description=Test data, files={Test_File_3={content=abc3}, Test_File_2={content=abc2}, Test_File_1={content=abc1}}}]
2021-04-13 16:18:58.672 [main] INFO  stepDefinition.StepDefinition                     : Headers :: [Server=GitHub.com
Date=Tue, 13 Apr 2021 10:48:57 GMT
Content-Type=application/json; charset=utf-8
Content-Length=3842
Cache-Control=private, max-age=60, s-maxage=60
Vary=Accept, Authorization, Cookie, X-GitHub-OTP
ETag="323f2a8d3da43570536d162911828fd29c85eb60c42fc665b4cdf06a76728c65"
X-OAuth-Scopes=admin:enterprise, admin:gpg_key, admin:org, admin:org_hook, admin:public_key, admin:repo_hook, delete:packages, delete_repo, gist, notifications, repo, user, workflow, write:discussion, write:packages
X-Accepted-OAuth-Scopes=
Location=https://api.github.com/gists/0b6e26748f5e0a7f8ae5f3a12b0b8a40
X-GitHub-Media-Type=github.v3; format=json
X-RateLimit-Limit=5000
X-RateLimit-Remaining=4996
X-RateLimit-Reset=1618314376
X-RateLimit-Used=4
Access-Control-Expose-Headers=ETag, Link, Location, Retry-After, X-GitHub-OTP, X-RateLimit-Limit, X-RateLimit-Remaining, X-RateLimit-Used, X-RateLimit-Reset, X-OAuth-Scopes, X-Accepted-OAuth-Scopes, X-Poll-Interval, X-GitHub-Media-Type, Deprecation, Sunset
Access-Control-Allow-Origin=*
Strict-Transport-Security=max-age=31536000; includeSubdomains; preload
X-Frame-Options=deny
X-Content-Type-Options=nosniff
X-XSS-Protection=0
Referrer-Policy=origin-when-cross-origin, strict-origin-when-cross-origin
Content-Security-Policy=default-src 'none'
Vary=Accept-Encoding, Accept, X-Requested-With
X-GitHub-Request-Id=D910:0FB5:15340D:189B22:60757719]
2021-04-13 16:18:58.673 [main] INFO  stepDefinition.StepDefinition                     : Cookies :: [{}]
2021-04-13 16:18:58.673 [main] INFO  stepDefinition.StepDefinition                     : Status Code :: [201]
2021-04-13 16:18:58.673 [main] INFO  stepDefinition.StepDefinition                     : Status Line :: [HTTP/1.1 201 Created]
2021-04-13 16:18:58.673 [main] INFO  stepDefinition.StepDefinition                     : Session ID :: [null]
2021-04-13 16:18:58.673 [main] INFO  stepDefinition.StepDefinition                     : Response Time :: [833] milliseconds
2021-04-13 16:18:58.674 [main] INFO  stepDefinition.StepDefinition                     : Response :: {"url":"https://api.github.com/gists/0b6e26748f5e0a7f8ae5f3a12b0b8a40","forks_url":"https://api.github.com/gists/0b6e26748f5e0a7f8ae5f3a12b0b8a40/forks","commits_url":"https://api.github.com/gists/0b6e26748f5e0a7f8ae5f3a12b0b8a40/commits","id":"0b6e26748f5e0a7f8ae5f3a12b0b8a40","node_id":"MDQ6R2lzdDBiNmUyNjc0OGY1ZTBhN2Y4YWU1ZjNhMTJiMGI4YTQw","git_pull_url":"https://gist.github.com/0b6e26748f5e0a7f8ae5f3a12b0b8a40.git","git_push_url":"https://gist.github.com/0b6e26748f5e0a7f8ae5f3a12b0b8a40.git","html_url":"https://gist.github.com/0b6e26748f5e0a7f8ae5f3a12b0b8a40","files":{"Test_File_1":{"filename":"Test_File_1","type":"text/plain","language":null,"raw_url":"https://gist.githubusercontent.com/aakashdahake/0b6e26748f5e0a7f8ae5f3a12b0b8a40/raw/da24a330e87e783b7555347629bff6f02e39e627/Test_File_1","size":4,"truncated":false,"content":"abc1"},"Test_File_2":{"filename":"Test_File_2","type":"text/plain","language":null,"raw_url":"https://gist.githubusercontent.com/aakashdahake/0b6e26748f5e0a7f8ae5f3a12b0b8a40/raw/796740f0cf22f279eb8287e49cd62c786333e668/Test_File_2","size":4,"truncated":false,"content":"abc2"},"Test_File_3":{"filename":"Test_File_3","type":"text/plain","language":null,"raw_url":"https://gist.githubusercontent.com/aakashdahake/0b6e26748f5e0a7f8ae5f3a12b0b8a40/raw/15a53ca85f616360bd89df600614c4f4b0fc2320/Test_File_3","size":4,"truncated":false,"content":"abc3"}},"public":true,"created_at":"2021-04-13T10:48:57Z","updated_at":"2021-04-13T10:48:57Z","description":"Test data","comments":0,"user":null,"comments_url":"https://api.github.com/gists/0b6e26748f5e0a7f8ae5f3a12b0b8a40/comments","owner":{"login":"aakashdahake","id":4017225,"node_id":"MDQ6VXNlcjQwMTcyMjU=","avatar_url":"https://avatars.githubusercontent.com/u/4017225?v=4","gravatar_id":"","url":"https://api.github.com/users/aakashdahake","html_url":"https://github.com/aakashdahake","followers_url":"https://api.github.com/users/aakashdahake/followers","following_url":"https://api.github.com/users/aakashdahake/following{/other_user}","gists_url":"https://api.github.com/users/aakashdahake/gists{/gist_id}","starred_url":"https://api.github.com/users/aakashdahake/starred{/owner}{/repo}","subscriptions_url":"https://api.github.com/users/aakashdahake/subscriptions","organizations_url":"https://api.github.com/users/aakashdahake/orgs","repos_url":"https://api.github.com/users/aakashdahake/repos","events_url":"https://api.github.com/users/aakashdahake/events{/privacy}","received_events_url":"https://api.github.com/users/aakashdahake/received_events","type":"User","site_admin":false},"forks":[],"history":[{"user":{"login":"aakashdahake","id":4017225,"node_id":"MDQ6VXNlcjQwMTcyMjU=","avatar_url":"https://avatars.githubusercontent.com/u/4017225?v=4","gravatar_id":"","url":"https://api.github.com/users/aakashdahake","html_url":"https://github.com/aakashdahake","followers_url":"https://api.github.com/users/aakashdahake/followers","following_url":"https://api.github.com/users/aakashdahake/following{/other_user}","gists_url":"https://api.github.com/users/aakashdahake/gists{/gist_id}","starred_url":"https://api.github.com/users/aakashdahake/starred{/owner}{/repo}","subscriptions_url":"https://api.github.com/users/aakashdahake/subscriptions","organizations_url":"https://api.github.com/users/aakashdahake/orgs","repos_url":"https://api.github.com/users/aakashdahake/repos","events_url":"https://api.github.com/users/aakashdahake/events{/privacy}","received_events_url":"https://api.github.com/users/aakashdahake/received_events","type":"User","site_admin":false},"version":"1a7266e092267e030f1a6d1ffdfdf6f58053554b","committed_at":"2021-04-13T10:48:57Z","change_status":{"total":3,"additions":3,"deletions":0},"url":"https://api.github.com/gists/0b6e26748f5e0a7f8ae5f3a12b0b8a40/1a7266e092267e030f1a6d1ffdfdf6f58053554b"}],"truncated":false}
2021-04-13 16:18:58.674 [main] INFO  stepDefinition.StepDefinition                     : Successfully verified status code as [201]
2021-04-13 16:18:58.707 [main] INFO  stepDefinition.StepDefinition                     : Successfully validated JSON schema
2021-04-13 16:18:58.740 [main] INFO  stepDefinition.StepDefinition                     : Found created gist as public [true]
2021-04-13 16:18:58.748 [main] INFO  stepDefinition.StepDefinition                     : Validating response body for filename and their content
2021-04-13 16:18:59.286 [main] INFO  stepDefinition.StepDefinition                     : --------------------------------------------------------------------------------------------------------
2021-04-13 16:18:59.286 [main] INFO  stepDefinition.StepDefinition                     :  Execution Started :::: Verify that Create Gist API works in various conditions
2021-04-13 16:18:59.287 [main] INFO  stepDefinition.StepDefinition                     : --------------------------------------------------------------------------------------------------------
2021-04-13 16:18:59.287 [main] INFO  stepDefinition.StepDefinition                     : Setting base path as [/gists]
2021-04-13 16:18:59.287 [main] INFO  stepDefinition.StepDefinition                     : Setting Header as [Accept:application/json]
2021-04-13 16:18:59.288 [main] INFO  stepDefinition.StepDefinition                     : Adding description to payload for creating gist as []
2021-04-13 16:18:59.288 [main] INFO  stepDefinition.StepDefinition                     : Making Gist as [public]
2021-04-13 16:18:59.288 [main] INFO  stepDefinition.StepDefinition                     : Created payload body :: [{public=true, description=, files={Test_File_2={content=abc2}, Test_File_1={content=abc1}}}]
2021-04-13 16:18:59.965 [main] INFO  stepDefinition.StepDefinition                     : Headers :: [Server=GitHub.com
Date=Tue, 13 Apr 2021 10:48:59 GMT
Content-Type=application/json; charset=utf-8
Content-Length=3562
Cache-Control=private, max-age=60, s-maxage=60
Vary=Accept, Authorization, Cookie, X-GitHub-OTP
ETag="b6664d2a5d69cfdfc56f8e43fd21da3d3e17efd9e06007908a9802cfed7cccf4"
X-OAuth-Scopes=admin:enterprise, admin:gpg_key, admin:org, admin:org_hook, admin:public_key, admin:repo_hook, delete:packages, delete_repo, gist, notifications, repo, user, workflow, write:discussion, write:packages
X-Accepted-OAuth-Scopes=
Location=https://api.github.com/gists/0e4772ec7a3374f2982de362930b1ce2
X-GitHub-Media-Type=github.v3; format=json
X-RateLimit-Limit=5000
X-RateLimit-Remaining=4994
X-RateLimit-Reset=1618314376
X-RateLimit-Used=6
Access-Control-Expose-Headers=ETag, Link, Location, Retry-After, X-GitHub-OTP, X-RateLimit-Limit, X-RateLimit-Remaining, X-RateLimit-Used, X-RateLimit-Reset, X-OAuth-Scopes, X-Accepted-OAuth-Scopes, X-Poll-Interval, X-GitHub-Media-Type, Deprecation, Sunset
Access-Control-Allow-Origin=*
Strict-Transport-Security=max-age=31536000; includeSubdomains; preload
X-Frame-Options=deny
X-Content-Type-Options=nosniff
X-XSS-Protection=0
Referrer-Policy=origin-when-cross-origin, strict-origin-when-cross-origin
Content-Security-Policy=default-src 'none'
Vary=Accept-Encoding, Accept, X-Requested-With
X-GitHub-Request-Id=D912:2632:12DE70:16450A:6075771A]
2021-04-13 16:18:59.965 [main] INFO  stepDefinition.StepDefinition                     : Cookies :: [{}]
2021-04-13 16:18:59.965 [main] INFO  stepDefinition.StepDefinition                     : Status Code :: [201]
2021-04-13 16:18:59.965 [main] INFO  stepDefinition.StepDefinition                     : Status Line :: [HTTP/1.1 201 Created]
2021-04-13 16:18:59.965 [main] INFO  stepDefinition.StepDefinition                     : Session ID :: [null]
2021-04-13 16:18:59.965 [main] INFO  stepDefinition.StepDefinition                     : Response Time :: [671] milliseconds
2021-04-13 16:18:59.966 [main] INFO  stepDefinition.StepDefinition                     : Response :: {"url":"https://api.github.com/gists/0e4772ec7a3374f2982de362930b1ce2","forks_url":"https://api.github.com/gists/0e4772ec7a3374f2982de362930b1ce2/forks","commits_url":"https://api.github.com/gists/0e4772ec7a3374f2982de362930b1ce2/commits","id":"0e4772ec7a3374f2982de362930b1ce2","node_id":"MDQ6R2lzdDBlNDc3MmVjN2EzMzc0ZjI5ODJkZTM2MjkzMGIxY2Uy","git_pull_url":"https://gist.github.com/0e4772ec7a3374f2982de362930b1ce2.git","git_push_url":"https://gist.github.com/0e4772ec7a3374f2982de362930b1ce2.git","html_url":"https://gist.github.com/0e4772ec7a3374f2982de362930b1ce2","files":{"Test_File_1":{"filename":"Test_File_1","type":"text/plain","language":null,"raw_url":"https://gist.githubusercontent.com/aakashdahake/0e4772ec7a3374f2982de362930b1ce2/raw/da24a330e87e783b7555347629bff6f02e39e627/Test_File_1","size":4,"truncated":false,"content":"abc1"},"Test_File_2":{"filename":"Test_File_2","type":"text/plain","language":null,"raw_url":"https://gist.githubusercontent.com/aakashdahake/0e4772ec7a3374f2982de362930b1ce2/raw/796740f0cf22f279eb8287e49cd62c786333e668/Test_File_2","size":4,"truncated":false,"content":"abc2"}},"public":true,"created_at":"2021-04-13T10:48:59Z","updated_at":"2021-04-13T10:48:58Z","description":"","comments":0,"user":null,"comments_url":"https://api.github.com/gists/0e4772ec7a3374f2982de362930b1ce2/comments","owner":{"login":"aakashdahake","id":4017225,"node_id":"MDQ6VXNlcjQwMTcyMjU=","avatar_url":"https://avatars.githubusercontent.com/u/4017225?v=4","gravatar_id":"","url":"https://api.github.com/users/aakashdahake","html_url":"https://github.com/aakashdahake","followers_url":"https://api.github.com/users/aakashdahake/followers","following_url":"https://api.github.com/users/aakashdahake/following{/other_user}","gists_url":"https://api.github.com/users/aakashdahake/gists{/gist_id}","starred_url":"https://api.github.com/users/aakashdahake/starred{/owner}{/repo}","subscriptions_url":"https://api.github.com/users/aakashdahake/subscriptions","organizations_url":"https://api.github.com/users/aakashdahake/orgs","repos_url":"https://api.github.com/users/aakashdahake/repos","events_url":"https://api.github.com/users/aakashdahake/events{/privacy}","received_events_url":"https://api.github.com/users/aakashdahake/received_events","type":"User","site_admin":false},"forks":[],"history":[{"user":{"login":"aakashdahake","id":4017225,"node_id":"MDQ6VXNlcjQwMTcyMjU=","avatar_url":"https://avatars.githubusercontent.com/u/4017225?v=4","gravatar_id":"","url":"https://api.github.com/users/aakashdahake","html_url":"https://github.com/aakashdahake","followers_url":"https://api.github.com/users/aakashdahake/followers","following_url":"https://api.github.com/users/aakashdahake/following{/other_user}","gists_url":"https://api.github.com/users/aakashdahake/gists{/gist_id}","starred_url":"https://api.github.com/users/aakashdahake/starred{/owner}{/repo}","subscriptions_url":"https://api.github.com/users/aakashdahake/subscriptions","organizations_url":"https://api.github.com/users/aakashdahake/orgs","repos_url":"https://api.github.com/users/aakashdahake/repos","events_url":"https://api.github.com/users/aakashdahake/events{/privacy}","received_events_url":"https://api.github.com/users/aakashdahake/received_events","type":"User","site_admin":false},"version":"5a8550d38b1ff6698854610e2b8910a41a093a80","committed_at":"2021-04-13T10:48:58Z","change_status":{"total":2,"additions":2,"deletions":0},"url":"https://api.github.com/gists/0e4772ec7a3374f2982de362930b1ce2/5a8550d38b1ff6698854610e2b8910a41a093a80"}],"truncated":false}
2021-04-13 16:18:59.967 [main] INFO  stepDefinition.StepDefinition                     : Successfully verified status code as [201]
2021-04-13 16:19:00.005 [main] INFO  stepDefinition.StepDefinition                     : Successfully validated JSON schema
2021-04-13 16:19:00.031 [main] INFO  stepDefinition.StepDefinition                     : Found created gist as public [true]
2021-04-13 16:19:00.038 [main] INFO  stepDefinition.StepDefinition                     : Validating response body for filename and their content
2021-04-13 16:19:00.536 [main] INFO  stepDefinition.StepDefinition                     : --------------------------------------------------------------------------------------------------------
2021-04-13 16:19:00.536 [main] INFO  stepDefinition.StepDefinition                     :  Execution Started :::: Verify that Create Gist API works in various conditions
2021-04-13 16:19:00.536 [main] INFO  stepDefinition.StepDefinition                     : --------------------------------------------------------------------------------------------------------
2021-04-13 16:19:00.536 [main] INFO  stepDefinition.StepDefinition                     : Setting base path as [/gists]
2021-04-13 16:19:00.537 [main] INFO  stepDefinition.StepDefinition                     : Setting Header as [Accept:application/x-www-form-urlencoded]
2021-04-13 16:19:00.537 [main] INFO  stepDefinition.StepDefinition                     : Adding description to payload for creating gist as [00000000000]
2021-04-13 16:19:00.538 [main] INFO  stepDefinition.StepDefinition                     : Making Gist as [private]
2021-04-13 16:19:00.539 [main] INFO  stepDefinition.StepDefinition                     : Created payload body :: [{public=false, description=00000000000, files={Test_File_2={content=abc2}, Test_File_1={content=abc1}}}]
2021-04-13 16:19:01.132 [main] INFO  stepDefinition.StepDefinition                     : Headers :: [Server=GitHub.com
Date=Tue, 13 Apr 2021 10:49:00 GMT
Content-Type=application/json; charset=utf-8
Content-Length=3574
Cache-Control=private, max-age=60, s-maxage=60
Vary=Accept, Authorization, Cookie, X-GitHub-OTP
ETag="8829225a6c6f411cc4136ecf31bc2123485c9bdd764da441097f115c505fe5e4"
X-OAuth-Scopes=admin:enterprise, admin:gpg_key, admin:org, admin:org_hook, admin:public_key, admin:repo_hook, delete:packages, delete_repo, gist, notifications, repo, user, workflow, write:discussion, write:packages
X-Accepted-OAuth-Scopes=
Location=https://api.github.com/gists/21c81a6944f02a51c71c2b281f4e81c6
X-GitHub-Media-Type=github.v3; format=json
X-RateLimit-Limit=5000
X-RateLimit-Remaining=4992
X-RateLimit-Reset=1618314376
X-RateLimit-Used=8
Access-Control-Expose-Headers=ETag, Link, Location, Retry-After, X-GitHub-OTP, X-RateLimit-Limit, X-RateLimit-Remaining, X-RateLimit-Used, X-RateLimit-Reset, X-OAuth-Scopes, X-Accepted-OAuth-Scopes, X-Poll-Interval, X-GitHub-Media-Type, Deprecation, Sunset
Access-Control-Allow-Origin=*
Strict-Transport-Security=max-age=31536000; includeSubdomains; preload
X-Frame-Options=deny
X-Content-Type-Options=nosniff
X-XSS-Protection=0
Referrer-Policy=origin-when-cross-origin, strict-origin-when-cross-origin
Content-Security-Policy=default-src 'none'
Vary=Accept-Encoding, Accept, X-Requested-With
X-GitHub-Request-Id=D914:2DBD:18056E:1B6CE3:6075771B]
2021-04-13 16:19:01.133 [main] INFO  stepDefinition.StepDefinition                     : Cookies :: [{}]
2021-04-13 16:19:01.133 [main] INFO  stepDefinition.StepDefinition                     : Status Code :: [201]
2021-04-13 16:19:01.133 [main] INFO  stepDefinition.StepDefinition                     : Status Line :: [HTTP/1.1 201 Created]
2021-04-13 16:19:01.133 [main] INFO  stepDefinition.StepDefinition                     : Session ID :: [null]
2021-04-13 16:19:01.133 [main] INFO  stepDefinition.StepDefinition                     : Response Time :: [590] milliseconds
2021-04-13 16:19:01.134 [main] INFO  stepDefinition.StepDefinition                     : Response :: {"url":"https://api.github.com/gists/21c81a6944f02a51c71c2b281f4e81c6","forks_url":"https://api.github.com/gists/21c81a6944f02a51c71c2b281f4e81c6/forks","commits_url":"https://api.github.com/gists/21c81a6944f02a51c71c2b281f4e81c6/commits","id":"21c81a6944f02a51c71c2b281f4e81c6","node_id":"MDQ6R2lzdDIxYzgxYTY5NDRmMDJhNTFjNzFjMmIyODFmNGU4MWM2","git_pull_url":"https://gist.github.com/21c81a6944f02a51c71c2b281f4e81c6.git","git_push_url":"https://gist.github.com/21c81a6944f02a51c71c2b281f4e81c6.git","html_url":"https://gist.github.com/21c81a6944f02a51c71c2b281f4e81c6","files":{"Test_File_1":{"filename":"Test_File_1","type":"text/plain","language":null,"raw_url":"https://gist.githubusercontent.com/aakashdahake/21c81a6944f02a51c71c2b281f4e81c6/raw/da24a330e87e783b7555347629bff6f02e39e627/Test_File_1","size":4,"truncated":false,"content":"abc1"},"Test_File_2":{"filename":"Test_File_2","type":"text/plain","language":null,"raw_url":"https://gist.githubusercontent.com/aakashdahake/21c81a6944f02a51c71c2b281f4e81c6/raw/796740f0cf22f279eb8287e49cd62c786333e668/Test_File_2","size":4,"truncated":false,"content":"abc2"}},"public":false,"created_at":"2021-04-13T10:49:00Z","updated_at":"2021-04-13T10:49:00Z","description":"00000000000","comments":0,"user":null,"comments_url":"https://api.github.com/gists/21c81a6944f02a51c71c2b281f4e81c6/comments","owner":{"login":"aakashdahake","id":4017225,"node_id":"MDQ6VXNlcjQwMTcyMjU=","avatar_url":"https://avatars.githubusercontent.com/u/4017225?v=4","gravatar_id":"","url":"https://api.github.com/users/aakashdahake","html_url":"https://github.com/aakashdahake","followers_url":"https://api.github.com/users/aakashdahake/followers","following_url":"https://api.github.com/users/aakashdahake/following{/other_user}","gists_url":"https://api.github.com/users/aakashdahake/gists{/gist_id}","starred_url":"https://api.github.com/users/aakashdahake/starred{/owner}{/repo}","subscriptions_url":"https://api.github.com/users/aakashdahake/subscriptions","organizations_url":"https://api.github.com/users/aakashdahake/orgs","repos_url":"https://api.github.com/users/aakashdahake/repos","events_url":"https://api.github.com/users/aakashdahake/events{/privacy}","received_events_url":"https://api.github.com/users/aakashdahake/received_events","type":"User","site_admin":false},"forks":[],"history":[{"user":{"login":"aakashdahake","id":4017225,"node_id":"MDQ6VXNlcjQwMTcyMjU=","avatar_url":"https://avatars.githubusercontent.com/u/4017225?v=4","gravatar_id":"","url":"https://api.github.com/users/aakashdahake","html_url":"https://github.com/aakashdahake","followers_url":"https://api.github.com/users/aakashdahake/followers","following_url":"https://api.github.com/users/aakashdahake/following{/other_user}","gists_url":"https://api.github.com/users/aakashdahake/gists{/gist_id}","starred_url":"https://api.github.com/users/aakashdahake/starred{/owner}{/repo}","subscriptions_url":"https://api.github.com/users/aakashdahake/subscriptions","organizations_url":"https://api.github.com/users/aakashdahake/orgs","repos_url":"https://api.github.com/users/aakashdahake/repos","events_url":"https://api.github.com/users/aakashdahake/events{/privacy}","received_events_url":"https://api.github.com/users/aakashdahake/received_events","type":"User","site_admin":false},"version":"11229cb591e9ae9b9004b22eeba4c076e3cd9ba4","committed_at":"2021-04-13T10:49:00Z","change_status":{"total":2,"additions":2,"deletions":0},"url":"https://api.github.com/gists/21c81a6944f02a51c71c2b281f4e81c6/11229cb591e9ae9b9004b22eeba4c076e3cd9ba4"}],"truncated":false}
2021-04-13 16:19:01.135 [main] INFO  stepDefinition.StepDefinition                     : Successfully verified status code as [201]
2021-04-13 16:19:01.153 [main] INFO  stepDefinition.StepDefinition                     : Successfully validated JSON schema
2021-04-13 16:19:01.173 [main] INFO  stepDefinition.StepDefinition                     : Found created gist as public [false]
2021-04-13 16:19:01.182 [main] INFO  stepDefinition.StepDefinition                     : Validating response body for filename and their content
2021-04-13 16:19:01.751 [main] INFO  stepDefinition.StepDefinition                     : --------------------------------------------------------------------------------------------------------
2021-04-13 16:19:01.751 [main] INFO  stepDefinition.StepDefinition                     :  Execution Started :::: Verify that Create Gist API works in various conditions
2021-04-13 16:19:01.751 [main] INFO  stepDefinition.StepDefinition                     : --------------------------------------------------------------------------------------------------------
2021-04-13 16:19:01.752 [main] INFO  stepDefinition.StepDefinition                     : Setting base path as [/gists]
2021-04-13 16:19:01.753 [main] INFO  stepDefinition.StepDefinition                     : Setting Header as [Accept:application/vnd.github.v3+json]
2021-04-13 16:19:01.753 [main] INFO  stepDefinition.StepDefinition                     : Adding description to payload for creating gist as [asdasdasd]
2021-04-13 16:19:01.753 [main] INFO  stepDefinition.StepDefinition                     : Making Gist as [public]
2021-04-13 16:19:01.754 [main] INFO  stepDefinition.StepDefinition                     : Created payload body :: [{public=true, description=asdasdasd, files={}}]
2021-04-13 16:19:02.118 [main] INFO  stepDefinition.StepDefinition                     : Headers :: [Server=GitHub.com
Date=Tue, 13 Apr 2021 10:49:01 GMT
Content-Type=application/json; charset=utf-8
Content-Length=171
X-OAuth-Scopes=admin:enterprise, admin:gpg_key, admin:org, admin:org_hook, admin:public_key, admin:repo_hook, delete:packages, delete_repo, gist, notifications, repo, user, workflow, write:discussion, write:packages
X-Accepted-OAuth-Scopes=
X-GitHub-Media-Type=github.v3; format=json
X-RateLimit-Limit=5000
X-RateLimit-Remaining=4990
X-RateLimit-Reset=1618314376
X-RateLimit-Used=10
Access-Control-Expose-Headers=ETag, Link, Location, Retry-After, X-GitHub-OTP, X-RateLimit-Limit, X-RateLimit-Remaining, X-RateLimit-Used, X-RateLimit-Reset, X-OAuth-Scopes, X-Accepted-OAuth-Scopes, X-Poll-Interval, X-GitHub-Media-Type, Deprecation, Sunset
Access-Control-Allow-Origin=*
Strict-Transport-Security=max-age=31536000; includeSubdomains; preload
X-Frame-Options=deny
X-Content-Type-Options=nosniff
X-XSS-Protection=0
Referrer-Policy=origin-when-cross-origin, strict-origin-when-cross-origin
Content-Security-Policy=default-src 'none'
Vary=Accept-Encoding, Accept, X-Requested-With
X-GitHub-Request-Id=D916:22AC:AF87A:C2C30:6075771D]
2021-04-13 16:19:02.118 [main] INFO  stepDefinition.StepDefinition                     : Cookies :: [{}]
2021-04-13 16:19:02.118 [main] INFO  stepDefinition.StepDefinition                     : Status Code :: [422]
2021-04-13 16:19:02.118 [main] INFO  stepDefinition.StepDefinition                     : Status Line :: [HTTP/1.1 422 Unprocessable Entity]
2021-04-13 16:19:02.118 [main] INFO  stepDefinition.StepDefinition                     : Session ID :: [null]
2021-04-13 16:19:02.118 [main] INFO  stepDefinition.StepDefinition                     : Response Time :: [361] milliseconds
2021-04-13 16:19:02.119 [main] INFO  stepDefinition.StepDefinition                     : Response :: {"message":"Validation Failed","errors":[{"resource":"Gist","code":"missing_field","field":"files"}],"documentation_url":"https://docs.github.com/v3/gists/#create-a-gist"}
2021-04-13 16:19:02.119 [main] INFO  stepDefinition.StepDefinition                     : Successfully verified status code as [422]
2021-04-13 16:19:02.216 [main] INFO  stepDefinition.StepDefinition                     : Successfully validated JSON schema
2021-04-13 16:19:02.226 [main] INFO  stepDefinition.StepDefinition                     : --------------------------------------------------------------------------------------------------------
2021-04-13 16:19:02.226 [main] INFO  stepDefinition.StepDefinition                     :  Execution Started :::: Verify that Create Gist API works in various conditions
2021-04-13 16:19:02.227 [main] INFO  stepDefinition.StepDefinition                     : --------------------------------------------------------------------------------------------------------
2021-04-13 16:19:02.227 [main] INFO  stepDefinition.StepDefinition                     : Setting base path as [/gistsss]
2021-04-13 16:19:02.228 [main] INFO  stepDefinition.StepDefinition                     : Setting Header as [Accept:application/vnd.github.v3+json]
2021-04-13 16:19:02.228 [main] INFO  stepDefinition.StepDefinition                     : Adding description to payload for creating gist as [asdasdasd]
2021-04-13 16:19:02.229 [main] INFO  stepDefinition.StepDefinition                     : Making Gist as [public]
2021-04-13 16:19:02.229 [main] INFO  stepDefinition.StepDefinition                     : Created payload body :: [{public=true, description=asdasdasd, files={Test_File_3={content=abc3}, Test_File_2={content=abc2}, Test_File_1={content=abc1}}}]
2021-04-13 16:19:02.491 [main] INFO  stepDefinition.StepDefinition                     : Headers :: [Server=GitHub.com
Date=Tue, 13 Apr 2021 10:49:01 GMT
Content-Type=application/json; charset=utf-8
Transfer-Encoding=chunked
X-OAuth-Scopes=admin:enterprise, admin:gpg_key, admin:org, admin:org_hook, admin:public_key, admin:repo_hook, delete:packages, delete_repo, gist, notifications, repo, user, workflow, write:discussion, write:packages
X-Accepted-OAuth-Scopes=repo
X-GitHub-Media-Type=github.v3; format=json
X-RateLimit-Limit=5000
X-RateLimit-Remaining=4989
X-RateLimit-Reset=1618314376
X-RateLimit-Used=11
Access-Control-Expose-Headers=ETag, Link, Location, Retry-After, X-GitHub-OTP, X-RateLimit-Limit, X-RateLimit-Remaining, X-RateLimit-Used, X-RateLimit-Reset, X-OAuth-Scopes, X-Accepted-OAuth-Scopes, X-Poll-Interval, X-GitHub-Media-Type, Deprecation, Sunset
Access-Control-Allow-Origin=*
Strict-Transport-Security=max-age=31536000; includeSubdomains; preload
X-Frame-Options=deny
X-Content-Type-Options=nosniff
X-XSS-Protection=0
Referrer-Policy=origin-when-cross-origin, strict-origin-when-cross-origin
Content-Security-Policy=default-src 'none'
Vary=Accept-Encoding, Accept, X-Requested-With
Content-Encoding=gzip
X-GitHub-Request-Id=D917:2DBD:1805C6:1B6D37:6075771D]
2021-04-13 16:19:02.491 [main] INFO  stepDefinition.StepDefinition                     : Cookies :: [{}]
2021-04-13 16:19:02.491 [main] INFO  stepDefinition.StepDefinition                     : Status Code :: [404]
2021-04-13 16:19:02.491 [main] INFO  stepDefinition.StepDefinition                     : Status Line :: [HTTP/1.1 404 Not Found]
2021-04-13 16:19:02.491 [main] INFO  stepDefinition.StepDefinition                     : Session ID :: [null]
2021-04-13 16:19:02.491 [main] INFO  stepDefinition.StepDefinition                     : Response Time :: [258] milliseconds
2021-04-13 16:19:02.492 [main] INFO  stepDefinition.StepDefinition                     : Response :: {"message":"Not Found","documentation_url":"https://docs.github.com/rest"}
2021-04-13 16:19:02.492 [main] INFO  stepDefinition.StepDefinition                     : Successfully verified status code as [404]
2021-04-13 16:19:02.505 [main] INFO  stepDefinition.StepDefinition                     : Successfully validated JSON schema
