2021-04-13 21:39:38.449 [main] INFO  stepDefinition.StepDefinition                     : --------------------------------------------------------------------------------------------------------
2021-04-13 21:39:38.451 [main] INFO  stepDefinition.StepDefinition                     :  Execution Started :::: Verify that Create Gist API works in various conditions
2021-04-13 21:39:38.451 [main] INFO  stepDefinition.StepDefinition                     : --------------------------------------------------------------------------------------------------------
2021-04-13 21:39:38.459 [main] INFO  stepDefinition.StepDefinition                     : Setting base path as [/gists]
2021-04-13 21:39:38.461 [main] INFO  stepDefinition.StepDefinition                     : Setting Header as [Accept:application/vnd.github.v3+json]
2021-04-13 21:39:38.465 [main] INFO  stepDefinition.StepDefinition                     : Adding description to payload for creating gist as [Test files]
2021-04-13 21:39:38.467 [main] INFO  stepDefinition.StepDefinition                     : Making Gist as [private]
2021-04-13 21:39:38.468 [main] INFO  stepDefinition.StepDefinition                     : Created payload body :: [{public=false, description=Test files, files={Test_File_5={content=abc5}, Test_File_4={content=abc4}, Test_File_3={content=abc3}, Test_File_2={content=abc2}, Test_File_1={content=abc1}}}]
2021-04-13 21:39:40.155 [main] INFO  stepDefinition.StepDefinition                     : Headers :: [Server=GitHub.com
Date=Tue, 13 Apr 2021 16:09:39 GMT
Content-Type=application/json; charset=utf-8
Content-Length=4386
Cache-Control=private, max-age=60, s-maxage=60
Vary=Accept, Authorization, Cookie, X-GitHub-OTP
ETag="635e60a0705ae3c80eb0dc0c2672f390fd2ea6f40302f609ae162d73065be093"
X-OAuth-Scopes=admin:enterprise, admin:gpg_key, admin:org, admin:org_hook, admin:public_key, admin:repo_hook, delete:packages, delete_repo, gist, notifications, repo, user, workflow, write:discussion, write:packages
X-Accepted-OAuth-Scopes=
Location=https://api.github.com/gists/cc631c79aaf2aa715cd8a3de6c2c341b
X-GitHub-Media-Type=github.v3; format=json
X-RateLimit-Limit=5000
X-RateLimit-Remaining=4999
X-RateLimit-Reset=1618333779
X-RateLimit-Used=1
Access-Control-Expose-Headers=ETag, Link, Location, Retry-After, X-GitHub-OTP, X-RateLimit-Limit, X-RateLimit-Remaining, X-RateLimit-Used, X-RateLimit-Reset, X-OAuth-Scopes, X-Accepted-OAuth-Scopes, X-Poll-Interval, X-GitHub-Media-Type, Deprecation, Sunset
Access-Control-Allow-Origin=*
Strict-Transport-Security=max-age=31536000; includeSubdomains; preload
X-Frame-Options=deny
X-Content-Type-Options=nosniff
X-XSS-Protection=0
Referrer-Policy=origin-when-cross-origin, strict-origin-when-cross-origin
Content-Security-Policy=default-src 'none'
Vary=Accept-Encoding, Accept, X-Requested-With
X-GitHub-Request-Id=FAE9:52B8:59D40:90A87:6075C242]
2021-04-13 21:39:40.160 [main] INFO  stepDefinition.StepDefinition                     : Cookies :: [{}]
2021-04-13 21:39:40.160 [main] INFO  stepDefinition.StepDefinition                     : Status Code :: [201]
2021-04-13 21:39:40.160 [main] INFO  stepDefinition.StepDefinition                     : Status Line :: [HTTP/1.1 201 Created]
2021-04-13 21:39:40.161 [main] INFO  stepDefinition.StepDefinition                     : Session ID :: [null]
2021-04-13 21:39:40.163 [main] INFO  stepDefinition.StepDefinition                     : Response Time :: [1274] milliseconds
2021-04-13 21:39:40.169 [main] INFO  stepDefinition.StepDefinition                     : Response :: {"url":"https://api.github.com/gists/cc631c79aaf2aa715cd8a3de6c2c341b","forks_url":"https://api.github.com/gists/cc631c79aaf2aa715cd8a3de6c2c341b/forks","commits_url":"https://api.github.com/gists/cc631c79aaf2aa715cd8a3de6c2c341b/commits","id":"cc631c79aaf2aa715cd8a3de6c2c341b","node_id":"MDQ6R2lzdGNjNjMxYzc5YWFmMmFhNzE1Y2Q4YTNkZTZjMmMzNDFi","git_pull_url":"https://gist.github.com/cc631c79aaf2aa715cd8a3de6c2c341b.git","git_push_url":"https://gist.github.com/cc631c79aaf2aa715cd8a3de6c2c341b.git","html_url":"https://gist.github.com/cc631c79aaf2aa715cd8a3de6c2c341b","files":{"Test_File_1":{"filename":"Test_File_1","type":"text/plain","language":null,"raw_url":"https://gist.githubusercontent.com/aakashdahake/cc631c79aaf2aa715cd8a3de6c2c341b/raw/da24a330e87e783b7555347629bff6f02e39e627/Test_File_1","size":4,"truncated":false,"content":"abc1"},"Test_File_2":{"filename":"Test_File_2","type":"text/plain","language":null,"raw_url":"https://gist.githubusercontent.com/aakashdahake/cc631c79aaf2aa715cd8a3de6c2c341b/raw/796740f0cf22f279eb8287e49cd62c786333e668/Test_File_2","size":4,"truncated":false,"content":"abc2"},"Test_File_3":{"filename":"Test_File_3","type":"text/plain","language":null,"raw_url":"https://gist.githubusercontent.com/aakashdahake/cc631c79aaf2aa715cd8a3de6c2c341b/raw/15a53ca85f616360bd89df600614c4f4b0fc2320/Test_File_3","size":4,"truncated":false,"content":"abc3"},"Test_File_4":{"filename":"Test_File_4","type":"text/plain","language":null,"raw_url":"https://gist.githubusercontent.com/aakashdahake/cc631c79aaf2aa715cd8a3de6c2c341b/raw/083b62cddcc87ddcec54f37e5fdf9c4fb4455f93/Test_File_4","size":4,"truncated":false,"content":"abc4"},"Test_File_5":{"filename":"Test_File_5","type":"text/plain","language":null,"raw_url":"https://gist.githubusercontent.com/aakashdahake/cc631c79aaf2aa715cd8a3de6c2c341b/raw/c7ac77699bad511f976aac1400b25af8da6f49d8/Test_File_5","size":4,"truncated":false,"content":"abc5"}},"public":false,"created_at":"2021-04-13T16:09:39Z","updated_at":"2021-04-13T16:09:39Z","description":"Test files","comments":0,"user":null,"comments_url":"https://api.github.com/gists/cc631c79aaf2aa715cd8a3de6c2c341b/comments","owner":{"login":"aakashdahake","id":4017225,"node_id":"MDQ6VXNlcjQwMTcyMjU=","avatar_url":"https://avatars.githubusercontent.com/u/4017225?v=4","gravatar_id":"","url":"https://api.github.com/users/aakashdahake","html_url":"https://github.com/aakashdahake","followers_url":"https://api.github.com/users/aakashdahake/followers","following_url":"https://api.github.com/users/aakashdahake/following{/other_user}","gists_url":"https://api.github.com/users/aakashdahake/gists{/gist_id}","starred_url":"https://api.github.com/users/aakashdahake/starred{/owner}{/repo}","subscriptions_url":"https://api.github.com/users/aakashdahake/subscriptions","organizations_url":"https://api.github.com/users/aakashdahake/orgs","repos_url":"https://api.github.com/users/aakashdahake/repos","events_url":"https://api.github.com/users/aakashdahake/events{/privacy}","received_events_url":"https://api.github.com/users/aakashdahake/received_events","type":"User","site_admin":false},"forks":[],"history":[{"user":{"login":"aakashdahake","id":4017225,"node_id":"MDQ6VXNlcjQwMTcyMjU=","avatar_url":"https://avatars.githubusercontent.com/u/4017225?v=4","gravatar_id":"","url":"https://api.github.com/users/aakashdahake","html_url":"https://github.com/aakashdahake","followers_url":"https://api.github.com/users/aakashdahake/followers","following_url":"https://api.github.com/users/aakashdahake/following{/other_user}","gists_url":"https://api.github.com/users/aakashdahake/gists{/gist_id}","starred_url":"https://api.github.com/users/aakashdahake/starred{/owner}{/repo}","subscriptions_url":"https://api.github.com/users/aakashdahake/subscriptions","organizations_url":"https://api.github.com/users/aakashdahake/orgs","repos_url":"https://api.github.com/users/aakashdahake/repos","events_url":"https://api.github.com/users/aakashdahake/events{/privacy}","received_events_url":"https://api.github.com/users/aakashdahake/received_events","type":"User","site_admin":false},"version":"a5150e2233331fdbd2b2e6986583be37467d1098","committed_at":"2021-04-13T16:09:39Z","change_status":{"total":5,"additions":5,"deletions":0},"url":"https://api.github.com/gists/cc631c79aaf2aa715cd8a3de6c2c341b/a5150e2233331fdbd2b2e6986583be37467d1098"}],"truncated":false}
2021-04-13 21:39:40.173 [main] INFO  stepDefinition.StepDefinition                     : Successfully verified status code as [201]
2021-04-13 21:39:40.485 [main] INFO  stepDefinition.StepDefinition                     : Successfully validated JSON schema
2021-04-13 21:39:40.933 [main] INFO  stepDefinition.StepDefinition                     : Found created gist as public [false]
2021-04-13 21:39:40.947 [main] INFO  stepDefinition.StepDefinition                     : Validating response body for filename and their content
2021-04-13 21:39:41.579 [main] INFO  stepDefinition.StepDefinition                     : --------------------------------------------------------------------------------------------------------
2021-04-13 21:39:41.579 [main] INFO  stepDefinition.StepDefinition                     :  Execution Started :::: Verify that Create Gist API works in various conditions
2021-04-13 21:39:41.579 [main] INFO  stepDefinition.StepDefinition                     : --------------------------------------------------------------------------------------------------------
2021-04-13 21:39:41.580 [main] INFO  stepDefinition.StepDefinition                     : Setting base path as [/gists]
2021-04-13 21:39:41.580 [main] INFO  stepDefinition.StepDefinition                     : Setting Header as [Accept:application/json]
2021-04-13 21:39:41.580 [main] INFO  stepDefinition.StepDefinition                     : Adding description to payload for creating gist as [Test data]
2021-04-13 21:39:41.581 [main] INFO  stepDefinition.StepDefinition                     : Making Gist as [public]
2021-04-13 21:39:41.581 [main] INFO  stepDefinition.StepDefinition                     : Created payload body :: [{public=true, description=Test data, files={Test_File_3={content=abc3}, Test_File_2={content=abc2}, Test_File_1={content=abc1}}}]
2021-04-13 21:39:42.473 [main] INFO  stepDefinition.StepDefinition                     : Headers :: [Server=GitHub.com
Date=Tue, 13 Apr 2021 16:09:41 GMT
Content-Type=application/json; charset=utf-8
Content-Length=3842
Cache-Control=private, max-age=60, s-maxage=60
Vary=Accept, Authorization, Cookie, X-GitHub-OTP
ETag="9b93617f7bb9d5a53b84ab61e44e520b2f4c4254550c22d9d89c37fa610bea7d"
X-OAuth-Scopes=admin:enterprise, admin:gpg_key, admin:org, admin:org_hook, admin:public_key, admin:repo_hook, delete:packages, delete_repo, gist, notifications, repo, user, workflow, write:discussion, write:packages
X-Accepted-OAuth-Scopes=
Location=https://api.github.com/gists/b5e519d1d2548a05d273956a0b3ef021
X-GitHub-Media-Type=github.v3; format=json
X-RateLimit-Limit=5000
X-RateLimit-Remaining=4997
X-RateLimit-Reset=1618333779
X-RateLimit-Used=3
Access-Control-Expose-Headers=ETag, Link, Location, Retry-After, X-GitHub-OTP, X-RateLimit-Limit, X-RateLimit-Remaining, X-RateLimit-Used, X-RateLimit-Reset, X-OAuth-Scopes, X-Accepted-OAuth-Scopes, X-Poll-Interval, X-GitHub-Media-Type, Deprecation, Sunset
Access-Control-Allow-Origin=*
Strict-Transport-Security=max-age=31536000; includeSubdomains; preload
X-Frame-Options=deny
X-Content-Type-Options=nosniff
X-XSS-Protection=0
Referrer-Policy=origin-when-cross-origin, strict-origin-when-cross-origin
Content-Security-Policy=default-src 'none'
Vary=Accept-Encoding, Accept, X-Requested-With
X-GitHub-Request-Id=FAEB:01E5:1C3964:209BE4:6075C245]
2021-04-13 21:39:42.474 [main] INFO  stepDefinition.StepDefinition                     : Cookies :: [{}]
2021-04-13 21:39:42.474 [main] INFO  stepDefinition.StepDefinition                     : Status Code :: [201]
2021-04-13 21:39:42.474 [main] INFO  stepDefinition.StepDefinition                     : Status Line :: [HTTP/1.1 201 Created]
2021-04-13 21:39:42.474 [main] INFO  stepDefinition.StepDefinition                     : Session ID :: [null]
2021-04-13 21:39:42.474 [main] INFO  stepDefinition.StepDefinition                     : Response Time :: [886] milliseconds
2021-04-13 21:39:42.475 [main] INFO  stepDefinition.StepDefinition                     : Response :: {"url":"https://api.github.com/gists/b5e519d1d2548a05d273956a0b3ef021","forks_url":"https://api.github.com/gists/b5e519d1d2548a05d273956a0b3ef021/forks","commits_url":"https://api.github.com/gists/b5e519d1d2548a05d273956a0b3ef021/commits","id":"b5e519d1d2548a05d273956a0b3ef021","node_id":"MDQ6R2lzdGI1ZTUxOWQxZDI1NDhhMDVkMjczOTU2YTBiM2VmMDIx","git_pull_url":"https://gist.github.com/b5e519d1d2548a05d273956a0b3ef021.git","git_push_url":"https://gist.github.com/b5e519d1d2548a05d273956a0b3ef021.git","html_url":"https://gist.github.com/b5e519d1d2548a05d273956a0b3ef021","files":{"Test_File_1":{"filename":"Test_File_1","type":"text/plain","language":null,"raw_url":"https://gist.githubusercontent.com/aakashdahake/b5e519d1d2548a05d273956a0b3ef021/raw/da24a330e87e783b7555347629bff6f02e39e627/Test_File_1","size":4,"truncated":false,"content":"abc1"},"Test_File_2":{"filename":"Test_File_2","type":"text/plain","language":null,"raw_url":"https://gist.githubusercontent.com/aakashdahake/b5e519d1d2548a05d273956a0b3ef021/raw/796740f0cf22f279eb8287e49cd62c786333e668/Test_File_2","size":4,"truncated":false,"content":"abc2"},"Test_File_3":{"filename":"Test_File_3","type":"text/plain","language":null,"raw_url":"https://gist.githubusercontent.com/aakashdahake/b5e519d1d2548a05d273956a0b3ef021/raw/15a53ca85f616360bd89df600614c4f4b0fc2320/Test_File_3","size":4,"truncated":false,"content":"abc3"}},"public":true,"created_at":"2021-04-13T16:09:41Z","updated_at":"2021-04-13T16:09:41Z","description":"Test data","comments":0,"user":null,"comments_url":"https://api.github.com/gists/b5e519d1d2548a05d273956a0b3ef021/comments","owner":{"login":"aakashdahake","id":4017225,"node_id":"MDQ6VXNlcjQwMTcyMjU=","avatar_url":"https://avatars.githubusercontent.com/u/4017225?v=4","gravatar_id":"","url":"https://api.github.com/users/aakashdahake","html_url":"https://github.com/aakashdahake","followers_url":"https://api.github.com/users/aakashdahake/followers","following_url":"https://api.github.com/users/aakashdahake/following{/other_user}","gists_url":"https://api.github.com/users/aakashdahake/gists{/gist_id}","starred_url":"https://api.github.com/users/aakashdahake/starred{/owner}{/repo}","subscriptions_url":"https://api.github.com/users/aakashdahake/subscriptions","organizations_url":"https://api.github.com/users/aakashdahake/orgs","repos_url":"https://api.github.com/users/aakashdahake/repos","events_url":"https://api.github.com/users/aakashdahake/events{/privacy}","received_events_url":"https://api.github.com/users/aakashdahake/received_events","type":"User","site_admin":false},"forks":[],"history":[{"user":{"login":"aakashdahake","id":4017225,"node_id":"MDQ6VXNlcjQwMTcyMjU=","avatar_url":"https://avatars.githubusercontent.com/u/4017225?v=4","gravatar_id":"","url":"https://api.github.com/users/aakashdahake","html_url":"https://github.com/aakashdahake","followers_url":"https://api.github.com/users/aakashdahake/followers","following_url":"https://api.github.com/users/aakashdahake/following{/other_user}","gists_url":"https://api.github.com/users/aakashdahake/gists{/gist_id}","starred_url":"https://api.github.com/users/aakashdahake/starred{/owner}{/repo}","subscriptions_url":"https://api.github.com/users/aakashdahake/subscriptions","organizations_url":"https://api.github.com/users/aakashdahake/orgs","repos_url":"https://api.github.com/users/aakashdahake/repos","events_url":"https://api.github.com/users/aakashdahake/events{/privacy}","received_events_url":"https://api.github.com/users/aakashdahake/received_events","type":"User","site_admin":false},"version":"c6fa435ad00ed4eb6d18299ba74c31e4cf8b54df","committed_at":"2021-04-13T16:09:41Z","change_status":{"total":3,"additions":3,"deletions":0},"url":"https://api.github.com/gists/b5e519d1d2548a05d273956a0b3ef021/c6fa435ad00ed4eb6d18299ba74c31e4cf8b54df"}],"truncated":false}
2021-04-13 21:39:42.476 [main] INFO  stepDefinition.StepDefinition                     : Successfully verified status code as [201]
2021-04-13 21:39:42.511 [main] INFO  stepDefinition.StepDefinition                     : Successfully validated JSON schema
2021-04-13 21:39:42.540 [main] INFO  stepDefinition.StepDefinition                     : Found created gist as public [true]
2021-04-13 21:39:42.549 [main] INFO  stepDefinition.StepDefinition                     : Validating response body for filename and their content
2021-04-13 21:39:43.080 [main] INFO  stepDefinition.StepDefinition                     : --------------------------------------------------------------------------------------------------------
2021-04-13 21:39:43.081 [main] INFO  stepDefinition.StepDefinition                     :  Execution Started :::: Verify that Create Gist API works in various conditions
2021-04-13 21:39:43.081 [main] INFO  stepDefinition.StepDefinition                     : --------------------------------------------------------------------------------------------------------
2021-04-13 21:39:43.081 [main] INFO  stepDefinition.StepDefinition                     : Setting base path as [/gists]
2021-04-13 21:39:43.081 [main] INFO  stepDefinition.StepDefinition                     : Setting Header as [Accept:application/json]
2021-04-13 21:39:43.082 [main] INFO  stepDefinition.StepDefinition                     : Adding description to payload for creating gist as []
2021-04-13 21:39:43.083 [main] INFO  stepDefinition.StepDefinition                     : Making Gist as [public]
2021-04-13 21:39:43.083 [main] INFO  stepDefinition.StepDefinition                     : Created payload body :: [{public=true, description=, files={Test_File_2={content=abc2}, Test_File_1={content=abc1}}}]
2021-04-13 21:39:43.843 [main] INFO  stepDefinition.StepDefinition                     : Headers :: [Server=GitHub.com
Date=Tue, 13 Apr 2021 16:09:43 GMT
Content-Type=application/json; charset=utf-8
Content-Length=3562
Cache-Control=private, max-age=60, s-maxage=60
Vary=Accept, Authorization, Cookie, X-GitHub-OTP
ETag="41a2ebab99051353de9b504619928a06d017fac406d4751965b47c741cd683f2"
X-OAuth-Scopes=admin:enterprise, admin:gpg_key, admin:org, admin:org_hook, admin:public_key, admin:repo_hook, delete:packages, delete_repo, gist, notifications, repo, user, workflow, write:discussion, write:packages
X-Accepted-OAuth-Scopes=
Location=https://api.github.com/gists/58f7b1f36f1715f769192d313d8440b7
X-GitHub-Media-Type=github.v3; format=json
X-RateLimit-Limit=5000
X-RateLimit-Remaining=4995
X-RateLimit-Reset=1618333779
X-RateLimit-Used=5
Access-Control-Expose-Headers=ETag, Link, Location, Retry-After, X-GitHub-OTP, X-RateLimit-Limit, X-RateLimit-Remaining, X-RateLimit-Used, X-RateLimit-Reset, X-OAuth-Scopes, X-Accepted-OAuth-Scopes, X-Poll-Interval, X-GitHub-Media-Type, Deprecation, Sunset
Access-Control-Allow-Origin=*
Strict-Transport-Security=max-age=31536000; includeSubdomains; preload
X-Frame-Options=deny
X-Content-Type-Options=nosniff
X-XSS-Protection=0
Referrer-Policy=origin-when-cross-origin, strict-origin-when-cross-origin
Content-Security-Policy=default-src 'none'
Vary=Accept-Encoding, Accept, X-Requested-With
X-GitHub-Request-Id=FAED:5448:1CD20A:21339B:6075C246]
2021-04-13 21:39:43.844 [main] INFO  stepDefinition.StepDefinition                     : Cookies :: [{}]
2021-04-13 21:39:43.844 [main] INFO  stepDefinition.StepDefinition                     : Status Code :: [201]
2021-04-13 21:39:43.844 [main] INFO  stepDefinition.StepDefinition                     : Status Line :: [HTTP/1.1 201 Created]
2021-04-13 21:39:43.844 [main] INFO  stepDefinition.StepDefinition                     : Session ID :: [null]
2021-04-13 21:39:43.844 [main] INFO  stepDefinition.StepDefinition                     : Response Time :: [755] milliseconds
2021-04-13 21:39:43.844 [main] INFO  stepDefinition.StepDefinition                     : Response :: {"url":"https://api.github.com/gists/58f7b1f36f1715f769192d313d8440b7","forks_url":"https://api.github.com/gists/58f7b1f36f1715f769192d313d8440b7/forks","commits_url":"https://api.github.com/gists/58f7b1f36f1715f769192d313d8440b7/commits","id":"58f7b1f36f1715f769192d313d8440b7","node_id":"MDQ6R2lzdDU4ZjdiMWYzNmYxNzE1Zjc2OTE5MmQzMTNkODQ0MGI3","git_pull_url":"https://gist.github.com/58f7b1f36f1715f769192d313d8440b7.git","git_push_url":"https://gist.github.com/58f7b1f36f1715f769192d313d8440b7.git","html_url":"https://gist.github.com/58f7b1f36f1715f769192d313d8440b7","files":{"Test_File_1":{"filename":"Test_File_1","type":"text/plain","language":null,"raw_url":"https://gist.githubusercontent.com/aakashdahake/58f7b1f36f1715f769192d313d8440b7/raw/da24a330e87e783b7555347629bff6f02e39e627/Test_File_1","size":4,"truncated":false,"content":"abc1"},"Test_File_2":{"filename":"Test_File_2","type":"text/plain","language":null,"raw_url":"https://gist.githubusercontent.com/aakashdahake/58f7b1f36f1715f769192d313d8440b7/raw/796740f0cf22f279eb8287e49cd62c786333e668/Test_File_2","size":4,"truncated":false,"content":"abc2"}},"public":true,"created_at":"2021-04-13T16:09:42Z","updated_at":"2021-04-13T16:09:42Z","description":"","comments":0,"user":null,"comments_url":"https://api.github.com/gists/58f7b1f36f1715f769192d313d8440b7/comments","owner":{"login":"aakashdahake","id":4017225,"node_id":"MDQ6VXNlcjQwMTcyMjU=","avatar_url":"https://avatars.githubusercontent.com/u/4017225?v=4","gravatar_id":"","url":"https://api.github.com/users/aakashdahake","html_url":"https://github.com/aakashdahake","followers_url":"https://api.github.com/users/aakashdahake/followers","following_url":"https://api.github.com/users/aakashdahake/following{/other_user}","gists_url":"https://api.github.com/users/aakashdahake/gists{/gist_id}","starred_url":"https://api.github.com/users/aakashdahake/starred{/owner}{/repo}","subscriptions_url":"https://api.github.com/users/aakashdahake/subscriptions","organizations_url":"https://api.github.com/users/aakashdahake/orgs","repos_url":"https://api.github.com/users/aakashdahake/repos","events_url":"https://api.github.com/users/aakashdahake/events{/privacy}","received_events_url":"https://api.github.com/users/aakashdahake/received_events","type":"User","site_admin":false},"forks":[],"history":[{"user":{"login":"aakashdahake","id":4017225,"node_id":"MDQ6VXNlcjQwMTcyMjU=","avatar_url":"https://avatars.githubusercontent.com/u/4017225?v=4","gravatar_id":"","url":"https://api.github.com/users/aakashdahake","html_url":"https://github.com/aakashdahake","followers_url":"https://api.github.com/users/aakashdahake/followers","following_url":"https://api.github.com/users/aakashdahake/following{/other_user}","gists_url":"https://api.github.com/users/aakashdahake/gists{/gist_id}","starred_url":"https://api.github.com/users/aakashdahake/starred{/owner}{/repo}","subscriptions_url":"https://api.github.com/users/aakashdahake/subscriptions","organizations_url":"https://api.github.com/users/aakashdahake/orgs","repos_url":"https://api.github.com/users/aakashdahake/repos","events_url":"https://api.github.com/users/aakashdahake/events{/privacy}","received_events_url":"https://api.github.com/users/aakashdahake/received_events","type":"User","site_admin":false},"version":"52be171b9a483aeb251e2f0e9d28bbd5ada4f879","committed_at":"2021-04-13T16:09:42Z","change_status":{"total":2,"additions":2,"deletions":0},"url":"https://api.github.com/gists/58f7b1f36f1715f769192d313d8440b7/52be171b9a483aeb251e2f0e9d28bbd5ada4f879"}],"truncated":false}
2021-04-13 21:39:43.845 [main] INFO  stepDefinition.StepDefinition                     : Successfully verified status code as [201]
2021-04-13 21:39:43.876 [main] INFO  stepDefinition.StepDefinition                     : Successfully validated JSON schema
2021-04-13 21:39:43.904 [main] INFO  stepDefinition.StepDefinition                     : Found created gist as public [true]
2021-04-13 21:39:43.912 [main] INFO  stepDefinition.StepDefinition                     : Validating response body for filename and their content
2021-04-13 21:39:44.467 [main] INFO  stepDefinition.StepDefinition                     : --------------------------------------------------------------------------------------------------------
2021-04-13 21:39:44.467 [main] INFO  stepDefinition.StepDefinition                     :  Execution Started :::: Verify that Create Gist API works in various conditions
2021-04-13 21:39:44.467 [main] INFO  stepDefinition.StepDefinition                     : --------------------------------------------------------------------------------------------------------
2021-04-13 21:39:44.467 [main] INFO  stepDefinition.StepDefinition                     : Setting base path as [/gists]
2021-04-13 21:39:44.468 [main] INFO  stepDefinition.StepDefinition                     : Setting Header as [Accept:application/x-www-form-urlencoded]
2021-04-13 21:39:44.469 [main] INFO  stepDefinition.StepDefinition                     : Adding description to payload for creating gist as [00000000000]
2021-04-13 21:39:44.469 [main] INFO  stepDefinition.StepDefinition                     : Making Gist as [private]
2021-04-13 21:39:44.470 [main] INFO  stepDefinition.StepDefinition                     : Created payload body :: [{public=false, description=00000000000, files={Test_File_2={content=abc2}, Test_File_1={content=abc1}}}]
2021-04-13 21:39:45.545 [main] INFO  stepDefinition.StepDefinition                     : Headers :: [Server=GitHub.com
Date=Tue, 13 Apr 2021 16:09:44 GMT
Content-Type=application/json; charset=utf-8
Content-Length=3574
Cache-Control=private, max-age=60, s-maxage=60
Vary=Accept, Authorization, Cookie, X-GitHub-OTP
ETag="68feb05283841a45cffaee4d598e4a9152e34fc9953f2fef59c894ec085011e1"
X-OAuth-Scopes=admin:enterprise, admin:gpg_key, admin:org, admin:org_hook, admin:public_key, admin:repo_hook, delete:packages, delete_repo, gist, notifications, repo, user, workflow, write:discussion, write:packages
X-Accepted-OAuth-Scopes=
Location=https://api.github.com/gists/2d5f6152ecd34acb4823a6b939fd7a57
X-GitHub-Media-Type=github.v3; format=json
X-RateLimit-Limit=5000
X-RateLimit-Remaining=4993
X-RateLimit-Reset=1618333779
X-RateLimit-Used=7
Access-Control-Expose-Headers=ETag, Link, Location, Retry-After, X-GitHub-OTP, X-RateLimit-Limit, X-RateLimit-Remaining, X-RateLimit-Used, X-RateLimit-Reset, X-OAuth-Scopes, X-Accepted-OAuth-Scopes, X-Poll-Interval, X-GitHub-Media-Type, Deprecation, Sunset
Access-Control-Allow-Origin=*
Strict-Transport-Security=max-age=31536000; includeSubdomains; preload
X-Frame-Options=deny
X-Content-Type-Options=nosniff
X-XSS-Protection=0
Referrer-Policy=origin-when-cross-origin, strict-origin-when-cross-origin
Content-Security-Policy=default-src 'none'
Vary=Accept-Encoding, Accept, X-Requested-With
X-GitHub-Request-Id=FAEF:5448:1CD220:2133B4:6075C247]
2021-04-13 21:39:45.546 [main] INFO  stepDefinition.StepDefinition                     : Cookies :: [{}]
2021-04-13 21:39:45.546 [main] INFO  stepDefinition.StepDefinition                     : Status Code :: [201]
2021-04-13 21:39:45.546 [main] INFO  stepDefinition.StepDefinition                     : Status Line :: [HTTP/1.1 201 Created]
2021-04-13 21:39:45.546 [main] INFO  stepDefinition.StepDefinition                     : Session ID :: [null]
2021-04-13 21:39:45.546 [main] INFO  stepDefinition.StepDefinition                     : Response Time :: [1071] milliseconds
2021-04-13 21:39:45.546 [main] INFO  stepDefinition.StepDefinition                     : Response :: {"url":"https://api.github.com/gists/2d5f6152ecd34acb4823a6b939fd7a57","forks_url":"https://api.github.com/gists/2d5f6152ecd34acb4823a6b939fd7a57/forks","commits_url":"https://api.github.com/gists/2d5f6152ecd34acb4823a6b939fd7a57/commits","id":"2d5f6152ecd34acb4823a6b939fd7a57","node_id":"MDQ6R2lzdDJkNWY2MTUyZWNkMzRhY2I0ODIzYTZiOTM5ZmQ3YTU3","git_pull_url":"https://gist.github.com/2d5f6152ecd34acb4823a6b939fd7a57.git","git_push_url":"https://gist.github.com/2d5f6152ecd34acb4823a6b939fd7a57.git","html_url":"https://gist.github.com/2d5f6152ecd34acb4823a6b939fd7a57","files":{"Test_File_1":{"filename":"Test_File_1","type":"text/plain","language":null,"raw_url":"https://gist.githubusercontent.com/aakashdahake/2d5f6152ecd34acb4823a6b939fd7a57/raw/da24a330e87e783b7555347629bff6f02e39e627/Test_File_1","size":4,"truncated":false,"content":"abc1"},"Test_File_2":{"filename":"Test_File_2","type":"text/plain","language":null,"raw_url":"https://gist.githubusercontent.com/aakashdahake/2d5f6152ecd34acb4823a6b939fd7a57/raw/796740f0cf22f279eb8287e49cd62c786333e668/Test_File_2","size":4,"truncated":false,"content":"abc2"}},"public":false,"created_at":"2021-04-13T16:09:44Z","updated_at":"2021-04-13T16:09:44Z","description":"00000000000","comments":0,"user":null,"comments_url":"https://api.github.com/gists/2d5f6152ecd34acb4823a6b939fd7a57/comments","owner":{"login":"aakashdahake","id":4017225,"node_id":"MDQ6VXNlcjQwMTcyMjU=","avatar_url":"https://avatars.githubusercontent.com/u/4017225?v=4","gravatar_id":"","url":"https://api.github.com/users/aakashdahake","html_url":"https://github.com/aakashdahake","followers_url":"https://api.github.com/users/aakashdahake/followers","following_url":"https://api.github.com/users/aakashdahake/following{/other_user}","gists_url":"https://api.github.com/users/aakashdahake/gists{/gist_id}","starred_url":"https://api.github.com/users/aakashdahake/starred{/owner}{/repo}","subscriptions_url":"https://api.github.com/users/aakashdahake/subscriptions","organizations_url":"https://api.github.com/users/aakashdahake/orgs","repos_url":"https://api.github.com/users/aakashdahake/repos","events_url":"https://api.github.com/users/aakashdahake/events{/privacy}","received_events_url":"https://api.github.com/users/aakashdahake/received_events","type":"User","site_admin":false},"forks":[],"history":[{"user":{"login":"aakashdahake","id":4017225,"node_id":"MDQ6VXNlcjQwMTcyMjU=","avatar_url":"https://avatars.githubusercontent.com/u/4017225?v=4","gravatar_id":"","url":"https://api.github.com/users/aakashdahake","html_url":"https://github.com/aakashdahake","followers_url":"https://api.github.com/users/aakashdahake/followers","following_url":"https://api.github.com/users/aakashdahake/following{/other_user}","gists_url":"https://api.github.com/users/aakashdahake/gists{/gist_id}","starred_url":"https://api.github.com/users/aakashdahake/starred{/owner}{/repo}","subscriptions_url":"https://api.github.com/users/aakashdahake/subscriptions","organizations_url":"https://api.github.com/users/aakashdahake/orgs","repos_url":"https://api.github.com/users/aakashdahake/repos","events_url":"https://api.github.com/users/aakashdahake/events{/privacy}","received_events_url":"https://api.github.com/users/aakashdahake/received_events","type":"User","site_admin":false},"version":"e8cda3e1743a0255545aeeb720f12153e27f3eb0","committed_at":"2021-04-13T16:09:44Z","change_status":{"total":2,"additions":2,"deletions":0},"url":"https://api.github.com/gists/2d5f6152ecd34acb4823a6b939fd7a57/e8cda3e1743a0255545aeeb720f12153e27f3eb0"}],"truncated":false}
2021-04-13 21:39:45.547 [main] INFO  stepDefinition.StepDefinition                     : Successfully verified status code as [201]
2021-04-13 21:39:45.572 [main] INFO  stepDefinition.StepDefinition                     : Successfully validated JSON schema
2021-04-13 21:39:45.593 [main] INFO  stepDefinition.StepDefinition                     : Found created gist as public [false]
2021-04-13 21:39:45.601 [main] INFO  stepDefinition.StepDefinition                     : Validating response body for filename and their content
2021-04-13 21:39:46.073 [main] INFO  stepDefinition.StepDefinition                     : --------------------------------------------------------------------------------------------------------
2021-04-13 21:39:46.073 [main] INFO  stepDefinition.StepDefinition                     :  Execution Started :::: Verify that Create Gist API works in various conditions
2021-04-13 21:39:46.074 [main] INFO  stepDefinition.StepDefinition                     : --------------------------------------------------------------------------------------------------------
2021-04-13 21:39:46.074 [main] INFO  stepDefinition.StepDefinition                     : Setting base path as [/gists]
2021-04-13 21:39:46.075 [main] INFO  stepDefinition.StepDefinition                     : Setting Header as [Accept:application/vnd.github.v3+json]
2021-04-13 21:39:46.076 [main] INFO  stepDefinition.StepDefinition                     : Adding description to payload for creating gist as [asdasdasd]
2021-04-13 21:39:46.076 [main] INFO  stepDefinition.StepDefinition                     : Making Gist as [public]
2021-04-13 21:39:46.077 [main] INFO  stepDefinition.StepDefinition                     : Created payload body :: [{public=true, description=asdasdasd, files={}}]
2021-04-13 21:39:46.400 [main] INFO  stepDefinition.StepDefinition                     : Headers :: [Server=GitHub.com
Date=Tue, 13 Apr 2021 16:09:45 GMT
Content-Type=application/json; charset=utf-8
Content-Length=171
X-OAuth-Scopes=admin:enterprise, admin:gpg_key, admin:org, admin:org_hook, admin:public_key, admin:repo_hook, delete:packages, delete_repo, gist, notifications, repo, user, workflow, write:discussion, write:packages
X-Accepted-OAuth-Scopes=
X-GitHub-Media-Type=github.v3; format=json
X-RateLimit-Limit=5000
X-RateLimit-Remaining=4991
X-RateLimit-Reset=1618333779
X-RateLimit-Used=9
Access-Control-Expose-Headers=ETag, Link, Location, Retry-After, X-GitHub-OTP, X-RateLimit-Limit, X-RateLimit-Remaining, X-RateLimit-Used, X-RateLimit-Reset, X-OAuth-Scopes, X-Accepted-OAuth-Scopes, X-Poll-Interval, X-GitHub-Media-Type, Deprecation, Sunset
Access-Control-Allow-Origin=*
Strict-Transport-Security=max-age=31536000; includeSubdomains; preload
X-Frame-Options=deny
X-Content-Type-Options=nosniff
X-XSS-Protection=0
Referrer-Policy=origin-when-cross-origin, strict-origin-when-cross-origin
Content-Security-Policy=default-src 'none'
Vary=Accept-Encoding, Accept, X-Requested-With
X-GitHub-Request-Id=FAF1:5448:1CD23D:2133D4:6075C249]
2021-04-13 21:39:46.401 [main] INFO  stepDefinition.StepDefinition                     : Cookies :: [{}]
2021-04-13 21:39:46.401 [main] INFO  stepDefinition.StepDefinition                     : Status Code :: [422]
2021-04-13 21:39:46.401 [main] INFO  stepDefinition.StepDefinition                     : Status Line :: [HTTP/1.1 422 Unprocessable Entity]
2021-04-13 21:39:46.401 [main] INFO  stepDefinition.StepDefinition                     : Session ID :: [null]
2021-04-13 21:39:46.401 [main] INFO  stepDefinition.StepDefinition                     : Response Time :: [319] milliseconds
2021-04-13 21:39:46.401 [main] INFO  stepDefinition.StepDefinition                     : Response :: {"message":"Validation Failed","errors":[{"resource":"Gist","code":"missing_field","field":"files"}],"documentation_url":"https://docs.github.com/v3/gists/#create-a-gist"}
2021-04-13 21:39:46.402 [main] INFO  stepDefinition.StepDefinition                     : Successfully verified status code as [422]
2021-04-13 21:39:46.406 [main] INFO  stepDefinition.StepDefinition                     : Successfully validated JSON schema
2021-04-13 21:39:46.416 [main] INFO  stepDefinition.StepDefinition                     : --------------------------------------------------------------------------------------------------------
2021-04-13 21:39:46.416 [main] INFO  stepDefinition.StepDefinition                     :  Execution Started :::: Verify that Create Gist API works in various conditions
2021-04-13 21:39:46.416 [main] INFO  stepDefinition.StepDefinition                     : --------------------------------------------------------------------------------------------------------
2021-04-13 21:39:46.416 [main] INFO  stepDefinition.StepDefinition                     : Setting base path as [/gistsss]
2021-04-13 21:39:46.417 [main] INFO  stepDefinition.StepDefinition                     : Setting Header as [Accept:application/vnd.github.v3+json]
2021-04-13 21:39:46.417 [main] INFO  stepDefinition.StepDefinition                     : Adding description to payload for creating gist as [asdasdasd]
2021-04-13 21:39:46.417 [main] INFO  stepDefinition.StepDefinition                     : Making Gist as [public]
2021-04-13 21:39:46.417 [main] INFO  stepDefinition.StepDefinition                     : Created payload body :: [{public=true, description=asdasdasd, files={Test_File_3={content=abc3}, Test_File_2={content=abc2}, Test_File_1={content=abc1}}}]
2021-04-13 21:39:46.722 [main] INFO  stepDefinition.StepDefinition                     : Headers :: [Server=GitHub.com
Date=Tue, 13 Apr 2021 16:09:46 GMT
Content-Type=application/json; charset=utf-8
Transfer-Encoding=chunked
X-OAuth-Scopes=admin:enterprise, admin:gpg_key, admin:org, admin:org_hook, admin:public_key, admin:repo_hook, delete:packages, delete_repo, gist, notifications, repo, user, workflow, write:discussion, write:packages
X-Accepted-OAuth-Scopes=repo
X-GitHub-Media-Type=github.v3; format=json
X-RateLimit-Limit=5000
X-RateLimit-Remaining=4990
X-RateLimit-Reset=1618333779
X-RateLimit-Used=10
Access-Control-Expose-Headers=ETag, Link, Location, Retry-After, X-GitHub-OTP, X-RateLimit-Limit, X-RateLimit-Remaining, X-RateLimit-Used, X-RateLimit-Reset, X-OAuth-Scopes, X-Accepted-OAuth-Scopes, X-Poll-Interval, X-GitHub-Media-Type, Deprecation, Sunset
Access-Control-Allow-Origin=*
Strict-Transport-Security=max-age=31536000; includeSubdomains; preload
X-Frame-Options=deny
X-Content-Type-Options=nosniff
X-XSS-Protection=0
Referrer-Policy=origin-when-cross-origin, strict-origin-when-cross-origin
Content-Security-Policy=default-src 'none'
Vary=Accept-Encoding, Accept, X-Requested-With
Content-Encoding=gzip
X-GitHub-Request-Id=FAF2:7E66:1D605E:21C167:6075C249]
2021-04-13 21:39:46.722 [main] INFO  stepDefinition.StepDefinition                     : Cookies :: [{}]
2021-04-13 21:39:46.722 [main] INFO  stepDefinition.StepDefinition                     : Status Code :: [404]
2021-04-13 21:39:46.722 [main] INFO  stepDefinition.StepDefinition                     : Status Line :: [HTTP/1.1 404 Not Found]
2021-04-13 21:39:46.722 [main] INFO  stepDefinition.StepDefinition                     : Session ID :: [null]
2021-04-13 21:39:46.722 [main] INFO  stepDefinition.StepDefinition                     : Response Time :: [302] milliseconds
2021-04-13 21:39:46.723 [main] INFO  stepDefinition.StepDefinition                     : Response :: {"message":"Not Found","documentation_url":"https://docs.github.com/rest"}
2021-04-13 21:39:46.723 [main] INFO  stepDefinition.StepDefinition                     : Successfully verified status code as [404]
2021-04-13 21:39:46.726 [main] INFO  stepDefinition.StepDefinition                     : Successfully validated JSON schema
